<?xml version="1.0" encoding="UTF-8"?>
<!-- Generated by org.testng.reporters.JUnitReportReporter -->
<testsuite skipped="0" hostname="DESKTOP-84BCDDP" name="sample.GmailTesting" tests="1" failures="0" timestamp="14 Sep 2017 03:06:04 GMT" time="23.771" errors="0">
  <testcase name="testEasy" time="23.771" classname="sample.GmailTesting"/>
</testsuite> <!-- sample.GmailTesting -->
