<?xml version="1.0" encoding="UTF-8"?>
<!-- Generated by org.testng.reporters.JUnitReportReporter -->
<testsuite skipped="0" hostname="DESKTOP-84BCDDP" name="sample.GmailTesting" tests="1" failures="0" timestamp="14 Sep 2017 01:59:42 GMT" time="26.957" errors="0">
  <testcase name="testEasy" time="26.957" classname="sample.GmailTesting"/>
</testsuite> <!-- sample.GmailTesting -->
