<?xml version="1.0" encoding="UTF-8"?>
<!-- Generated by org.testng.reporters.JUnitReportReporter -->
<testsuite skipped="0" hostname="DESKTOP-84BCDDP" name="sample.GmailTesting" tests="1" failures="0" timestamp="14 Sep 2017 03:59:02 GMT" time="25.216" errors="0">
  <testcase name="testEasy" time="25.216" classname="sample.GmailTesting"/>
</testsuite> <!-- sample.GmailTesting -->
